<?xml version="1.0" encoding="UTF-8"?>
<testng-results ignored="0" total="2" passed="0" failed="2" skipped="0">
  <reporter-output>
    <line>
      <![CDATA[Test starts Running in Google chrome browser.]]>
    </line>
    <line>
      <![CDATA[Driver closed]]>
    </line>
    <line>
      <![CDATA[Test starts Running In Firefox browser.]]>
    </line>
    <line>
      <![CDATA[Driver closed]]>
    </line>
  </reporter-output>
  <suite started-at="2022-01-24T12:52:11 GMT" name="Login Test suite" finished-at="2022-01-24T12:52:41 GMT" duration-ms="30232">
    <groups>
    </groups>
    <test started-at="2022-01-24T12:52:11 GMT" name="Hudl login running on chrome browser" finished-at="2022-01-24T12:52:28 GMT" duration-ms="17090">
      <class name="uk.co.policyexpert.HomeEnquiryFormTest">
        <test-method is-config="true" signature="setUp(java.lang.String, java.lang.String)[pri:0, instance:uk.co.policyexpert.HomeEnquiryFormTest@448ff1a8]" started-at="2022-01-24T12:52:11 GMT" name="setUp" finished-at="2022-01-24T12:52:22 GMT" duration-ms="11325" status="PASS">
          <params>
            <param index="0">
              <value>
                <![CDATA[chrome]]>
              </value>
            </param>
            <param index="1">
              <value>
                <![CDATA[https://insurance.policyexpert.co.uk/home]]>
              </value>
            </param>
          </params>
          <reporter-output>
            <line>
              <![CDATA[Test starts Running in Google chrome browser.]]>
            </line>
          </reporter-output>
        </test-method> <!-- setUp -->
        <test-method signature="fillForm(java.lang.String, java.lang.String)[pri:0, instance:uk.co.policyexpert.HomeEnquiryFormTest@448ff1a8]" started-at="2022-01-24T12:52:22 GMT" name="fillForm" finished-at="2022-01-24T12:52:27 GMT" duration-ms="5293" status="FAIL">
          <params>
            <param index="0">
              <value>
                <![CDATA[doni]]>
              </value>
            </param>
            <param index="1">
              <value>
                <![CDATA[Jonah]]>
              </value>
            </param>
          </params>
          <exception class="org.openqa.selenium.NoSuchElementException">
            <message>
              <![CDATA[Cannot locate option with text: March
For documentation on this error, please visit: https://selenium.dev/exceptions/#no_such_element
Build info: version: '4.0.0', revision: '3a21814679'
System info: host: 'C02XD5ANJG5J', ip: '192.168.0.14', os.name: 'Mac OS X', os.arch: 'x86_64', os.version: '11.5.2', java.version: '17.0.1'
Driver info: driver.version: unknown]]>
            </message>
            <full-stacktrace>
              <![CDATA[org.openqa.selenium.NoSuchElementException: Cannot locate option with text: March
For documentation on this error, please visit: https://selenium.dev/exceptions/#no_such_element
Build info: version: '4.0.0', revision: '3a21814679'
System info: host: 'C02XD5ANJG5J', ip: '192.168.0.14', os.name: 'Mac OS X', os.arch: 'x86_64', os.version: '11.5.2', java.version: '17.0.1'
Driver info: driver.version: unknown
at org.openqa.selenium.support.ui.Select.selectByVisibleText(Select.java:151)
at uk.co.policyexpert.BasePage.selectFromDropdownByHTMLValueAttribute(BasePage.java:69)
at uk.co.policyexpert.interaction.AboutYouInteraction.selectMonth(AboutYouInteraction.java:61)
at uk.co.policyexpert.interaction.AboutYouInteraction.selectDateBirth(AboutYouInteraction.java:53)
at uk.co.policyexpert.steps.AboutYouSteps.enterAboutDetails(AboutYouSteps.java:21)
at uk.co.policyexpert.HomeEnquiryFormTest.fillForm(HomeEnquiryFormTest.java:24)
at java.base/jdk.internal.reflect.NativeMethodAccessorImpl.invoke0(Native Method)
at java.base/jdk.internal.reflect.NativeMethodAccessorImpl.invoke(NativeMethodAccessorImpl.java:77)
at java.base/jdk.internal.reflect.DelegatingMethodAccessorImpl.invoke(DelegatingMethodAccessorImpl.java:43)
at java.base/java.lang.reflect.Method.invoke(Method.java:568)
at org.testng.internal.MethodInvocationHelper.invokeMethod(MethodInvocationHelper.java:132)
at org.testng.internal.TestInvoker.invokeMethod(TestInvoker.java:599)
at org.testng.internal.TestInvoker.invokeTestMethod(TestInvoker.java:174)
at org.testng.internal.MethodRunner.runInSequence(MethodRunner.java:46)
at org.testng.internal.TestInvoker$MethodInvocationAgent.invoke(TestInvoker.java:822)
at org.testng.internal.TestInvoker.invokeTestMethods(TestInvoker.java:147)
at org.testng.internal.TestMethodWorker.invokeTestMethods(TestMethodWorker.java:146)
at org.testng.internal.TestMethodWorker.run(TestMethodWorker.java:128)
at java.base/java.util.ArrayList.forEach(ArrayList.java:1511)
at org.testng.TestRunner.privateRun(TestRunner.java:764)
at org.testng.TestRunner.run(TestRunner.java:585)
at org.testng.SuiteRunner.runTest(SuiteRunner.java:384)
at org.testng.SuiteRunner.runSequentially(SuiteRunner.java:378)
at org.testng.SuiteRunner.privateRun(SuiteRunner.java:337)
at org.testng.SuiteRunner.run(SuiteRunner.java:286)
at org.testng.SuiteRunnerWorker.runSuite(SuiteRunnerWorker.java:53)
at org.testng.SuiteRunnerWorker.run(SuiteRunnerWorker.java:96)
at org.testng.TestNG.runSuitesSequentially(TestNG.java:1218)
at org.testng.TestNG.runSuitesLocally(TestNG.java:1140)
at org.testng.TestNG.runSuites(TestNG.java:1069)
at org.testng.TestNG.run(TestNG.java:1037)
at org.apache.maven.surefire.testng.TestNGExecutor.run(TestNGExecutor.java:283)
at org.apache.maven.surefire.testng.TestNGXmlTestSuite.execute(TestNGXmlTestSuite.java:75)
at org.apache.maven.surefire.testng.TestNGProvider.invoke(TestNGProvider.java:120)
at org.apache.maven.surefire.booter.ForkedBooter.invokeProviderInSameClassLoader(ForkedBooter.java:384)
at org.apache.maven.surefire.booter.ForkedBooter.runSuitesInProcess(ForkedBooter.java:345)
at org.apache.maven.surefire.booter.ForkedBooter.execute(ForkedBooter.java:126)
at org.apache.maven.surefire.booter.ForkedBooter.main(ForkedBooter.java:418)
]]>
            </full-stacktrace>
          </exception> <!-- org.openqa.selenium.NoSuchElementException -->
          <reporter-output>
          </reporter-output>
        </test-method> <!-- fillForm -->
        <test-method is-config="true" signature="quitDrver()[pri:0, instance:uk.co.policyexpert.HomeEnquiryFormTest@448ff1a8]" started-at="2022-01-24T12:52:27 GMT" name="quitDrver" finished-at="2022-01-24T12:52:28 GMT" duration-ms="321" status="PASS">
          <reporter-output>
            <line>
              <![CDATA[Driver closed]]>
            </line>
          </reporter-output>
        </test-method> <!-- quitDrver -->
      </class> <!-- uk.co.policyexpert.HomeEnquiryFormTest -->
    </test> <!-- Hudl login running on chrome browser -->
    <test started-at="2022-01-24T12:52:28 GMT" name="Hudl login running on firefox browser" finished-at="2022-01-24T12:52:41 GMT" duration-ms="12926">
      <class name="uk.co.policyexpert.HomeEnquiryFormTest">
        <test-method is-config="true" signature="setUp(java.lang.String, java.lang.String)[pri:0, instance:uk.co.policyexpert.HomeEnquiryFormTest@2890c451]" started-at="2022-01-24T12:52:28 GMT" name="setUp" finished-at="2022-01-24T12:52:39 GMT" duration-ms="10800" status="PASS">
          <params>
            <param index="0">
              <value>
                <![CDATA[firefox]]>
              </value>
            </param>
            <param index="1">
              <value>
                <![CDATA[https://insurance.policyexpert.co.uk/home]]>
              </value>
            </param>
          </params>
          <reporter-output>
            <line>
              <![CDATA[Test starts Running In Firefox browser.]]>
            </line>
          </reporter-output>
        </test-method> <!-- setUp -->
        <test-method signature="fillForm(java.lang.String, java.lang.String)[pri:0, instance:uk.co.policyexpert.HomeEnquiryFormTest@2890c451]" started-at="2022-01-24T12:52:39 GMT" name="fillForm" finished-at="2022-01-24T12:52:40 GMT" duration-ms="1183" status="FAIL">
          <params>
            <param index="0">
              <value>
                <![CDATA[doni]]>
              </value>
            </param>
            <param index="1">
              <value>
                <![CDATA[Jonah]]>
              </value>
            </param>
          </params>
          <exception class="org.openqa.selenium.NoSuchElementException">
            <message>
              <![CDATA[Cannot locate option with text: March
For documentation on this error, please visit: https://selenium.dev/exceptions/#no_such_element
Build info: version: '4.0.0', revision: '3a21814679'
System info: host: 'C02XD5ANJG5J', ip: '192.168.0.14', os.name: 'Mac OS X', os.arch: 'x86_64', os.version: '11.5.2', java.version: '17.0.1'
Driver info: driver.version: unknown]]>
            </message>
            <full-stacktrace>
              <![CDATA[org.openqa.selenium.NoSuchElementException: Cannot locate option with text: March
For documentation on this error, please visit: https://selenium.dev/exceptions/#no_such_element
Build info: version: '4.0.0', revision: '3a21814679'
System info: host: 'C02XD5ANJG5J', ip: '192.168.0.14', os.name: 'Mac OS X', os.arch: 'x86_64', os.version: '11.5.2', java.version: '17.0.1'
Driver info: driver.version: unknown
at org.openqa.selenium.support.ui.Select.selectByVisibleText(Select.java:151)
at uk.co.policyexpert.BasePage.selectFromDropdownByHTMLValueAttribute(BasePage.java:69)
at uk.co.policyexpert.interaction.AboutYouInteraction.selectMonth(AboutYouInteraction.java:61)
at uk.co.policyexpert.interaction.AboutYouInteraction.selectDateBirth(AboutYouInteraction.java:53)
at uk.co.policyexpert.steps.AboutYouSteps.enterAboutDetails(AboutYouSteps.java:21)
at uk.co.policyexpert.HomeEnquiryFormTest.fillForm(HomeEnquiryFormTest.java:24)
at java.base/jdk.internal.reflect.NativeMethodAccessorImpl.invoke0(Native Method)
at java.base/jdk.internal.reflect.NativeMethodAccessorImpl.invoke(NativeMethodAccessorImpl.java:77)
at java.base/jdk.internal.reflect.DelegatingMethodAccessorImpl.invoke(DelegatingMethodAccessorImpl.java:43)
at java.base/java.lang.reflect.Method.invoke(Method.java:568)
at org.testng.internal.MethodInvocationHelper.invokeMethod(MethodInvocationHelper.java:132)
at org.testng.internal.TestInvoker.invokeMethod(TestInvoker.java:599)
at org.testng.internal.TestInvoker.invokeTestMethod(TestInvoker.java:174)
at org.testng.internal.MethodRunner.runInSequence(MethodRunner.java:46)
at org.testng.internal.TestInvoker$MethodInvocationAgent.invoke(TestInvoker.java:822)
at org.testng.internal.TestInvoker.invokeTestMethods(TestInvoker.java:147)
at org.testng.internal.TestMethodWorker.invokeTestMethods(TestMethodWorker.java:146)
at org.testng.internal.TestMethodWorker.run(TestMethodWorker.java:128)
at java.base/java.util.ArrayList.forEach(ArrayList.java:1511)
at org.testng.TestRunner.privateRun(TestRunner.java:764)
at org.testng.TestRunner.run(TestRunner.java:585)
at org.testng.SuiteRunner.runTest(SuiteRunner.java:384)
at org.testng.SuiteRunner.runSequentially(SuiteRunner.java:378)
at org.testng.SuiteRunner.privateRun(SuiteRunner.java:337)
at org.testng.SuiteRunner.run(SuiteRunner.java:286)
at org.testng.SuiteRunnerWorker.runSuite(SuiteRunnerWorker.java:53)
at org.testng.SuiteRunnerWorker.run(SuiteRunnerWorker.java:96)
at org.testng.TestNG.runSuitesSequentially(TestNG.java:1218)
at org.testng.TestNG.runSuitesLocally(TestNG.java:1140)
at org.testng.TestNG.runSuites(TestNG.java:1069)
at org.testng.TestNG.run(TestNG.java:1037)
at org.apache.maven.surefire.testng.TestNGExecutor.run(TestNGExecutor.java:283)
at org.apache.maven.surefire.testng.TestNGXmlTestSuite.execute(TestNGXmlTestSuite.java:75)
at org.apache.maven.surefire.testng.TestNGProvider.invoke(TestNGProvider.java:120)
at org.apache.maven.surefire.booter.ForkedBooter.invokeProviderInSameClassLoader(ForkedBooter.java:384)
at org.apache.maven.surefire.booter.ForkedBooter.runSuitesInProcess(ForkedBooter.java:345)
at org.apache.maven.surefire.booter.ForkedBooter.execute(ForkedBooter.java:126)
at org.apache.maven.surefire.booter.ForkedBooter.main(ForkedBooter.java:418)
]]>
            </full-stacktrace>
          </exception> <!-- org.openqa.selenium.NoSuchElementException -->
          <reporter-output>
          </reporter-output>
        </test-method> <!-- fillForm -->
        <test-method is-config="true" signature="quitDrver()[pri:0, instance:uk.co.policyexpert.HomeEnquiryFormTest@2890c451]" started-at="2022-01-24T12:52:40 GMT" name="quitDrver" finished-at="2022-01-24T12:52:41 GMT" duration-ms="936" status="PASS">
          <reporter-output>
            <line>
              <![CDATA[Driver closed]]>
            </line>
          </reporter-output>
        </test-method> <!-- quitDrver -->
      </class> <!-- uk.co.policyexpert.HomeEnquiryFormTest -->
    </test> <!-- Hudl login running on firefox browser -->
  </suite> <!-- Login Test suite -->
</testng-results>
